2020-12-19T14:11:58.687974Z 0 [Warning] TIMESTAMP with implicit DEFAULT value is deprecated. Please use --explicit_defaults_for_timestamp server option (see documentation for more details).
2020-12-19T14:11:58.711994Z 0 [Warning] Setting lower_case_table_names=2 because file system for /var/lib/mysql/ is case insensitive
2020-12-19T14:12:03.433483Z 0 [Warning] InnoDB: New log files created, LSN=45790
2020-12-19T14:12:04.415458Z 0 [Warning] InnoDB: Creating foreign key constraint system tables.
2020-12-19T14:12:04.553839Z 0 [Warning] No existing UUID has been found, so we assume that this is the first time that this server has been started. Generating a new UUID: 2bb552bd-4204-11eb-aed2-0242ac160002.
2020-12-19T14:12:04.566041Z 0 [Warning] Gtid table is not ready to be used. Table 'mysql.gtid_executed' cannot be opened.
2020-12-19T14:12:05.246368Z 0 [Warning] CA certificate ca.pem is self signed.
2020-12-19T14:12:05.435347Z 1 [Warning] root@localhost is created with an empty password ! Please consider switching off the --initialize-insecure option.
2020-12-19T14:12:23.719796Z 0 [Warning] TIMESTAMP with implicit DEFAULT value is deprecated. Please use --explicit_defaults_for_timestamp server option (see documentation for more details).
2020-12-19T14:12:23.730327Z 0 [Note] mysqld (mysqld 5.7.32) starting as process 79 ...
2020-12-19T14:12:23.744377Z 0 [Warning] Setting lower_case_table_names=2 because file system for /var/lib/mysql/ is case insensitive
2020-12-19T14:12:23.751782Z 0 [Note] InnoDB: PUNCH HOLE support available
2020-12-19T14:12:23.753185Z 0 [Note] InnoDB: Mutexes and rw_locks use GCC atomic builtins
2020-12-19T14:12:23.754164Z 0 [Note] InnoDB: Uses event mutexes
2020-12-19T14:12:23.755523Z 0 [Note] InnoDB: GCC builtin __atomic_thread_fence() is used for memory barrier
2020-12-19T14:12:23.756828Z 0 [Note] InnoDB: Compressed tables use zlib 1.2.11
2020-12-19T14:12:23.758317Z 0 [Note] InnoDB: Using Linux native AIO
2020-12-19T14:12:23.761383Z 0 [Note] InnoDB: Number of pools: 1
2020-12-19T14:12:23.764906Z 0 [Note] InnoDB: Using CPU crc32 instructions
2020-12-19T14:12:23.770465Z 0 [Note] InnoDB: Initializing buffer pool, total size = 128M, instances = 1, chunk size = 128M
2020-12-19T14:12:23.790973Z 0 [Note] InnoDB: Completed initialization of buffer pool
2020-12-19T14:12:23.799572Z 0 [Note] InnoDB: If the mysqld execution user is authorized, page cleaner thread priority can be changed. See the man page of setpriority().
2020-12-19T14:12:23.912806Z 0 [Note] InnoDB: Highest supported file format is Barracuda.
2020-12-19T14:12:24.109443Z 0 [Note] InnoDB: Creating shared tablespace for temporary tables
2020-12-19T14:12:24.116406Z 0 [Note] InnoDB: Setting file './ibtmp1' size to 12 MB. Physically writing the file full; Please wait ...
2020-12-19T14:12:24.433107Z 0 [Note] InnoDB: File './ibtmp1' size is now 12 MB.
2020-12-19T14:12:24.441844Z 0 [Note] InnoDB: 96 redo rollback segment(s) found. 96 redo rollback segment(s) are active.
2020-12-19T14:12:24.442765Z 0 [Note] InnoDB: 32 non-redo rollback segment(s) are active.
2020-12-19T14:12:24.444216Z 0 [Note] InnoDB: Waiting for purge to start
2020-12-19T14:12:24.496323Z 0 [Note] InnoDB: 5.7.32 started; log sequence number 2747766
2020-12-19T14:12:24.499051Z 0 [Note] Plugin 'FEDERATED' is disabled.
2020-12-19T14:12:24.499691Z 0 [Note] InnoDB: Loading buffer pool(s) from /var/lib/mysql/ib_buffer_pool
2020-12-19T14:12:24.585429Z 0 [Note] Found ca.pem, server-cert.pem and server-key.pem in data directory. Trying to enable SSL support using them.
2020-12-19T14:12:24.587935Z 0 [Note] Skipping generation of SSL certificates as certificate files are present in data directory.
2020-12-19T14:12:24.603777Z 0 [Warning] CA certificate ca.pem is self signed.
2020-12-19T14:12:24.614213Z 0 [Note] Skipping generation of RSA key pair as key files are present in data directory.
2020-12-19T14:12:24.632262Z 0 [Note] InnoDB: Buffer pool(s) load completed at 201219 23:12:24
2020-12-19T14:12:24.682209Z 0 [Warning] Insecure configuration for --pid-file: Location '/var/run/mysqld' in the path is accessible to all OS users. Consider choosing a different directory.
2020-12-19T14:12:25.136158Z 0 [Note] Event Scheduler: Loaded 0 events
2020-12-19T14:12:25.137826Z 0 [Note] mysqld: ready for connections.
Version: '5.7.32'  socket: '/var/run/mysqld/mysqld.sock'  port: 0  MySQL Community Server (GPL)
2020-12-19T14:12:32.501380Z 0 [Note] Giving 0 client threads a chance to die gracefully
2020-12-19T14:12:32.502851Z 0 [Note] Shutting down slave threads
2020-12-19T14:12:32.504096Z 0 [Note] Forcefully disconnecting 0 remaining clients
2020-12-19T14:12:32.505192Z 0 [Note] Event Scheduler: Purging the queue. 0 events
2020-12-19T14:12:32.506233Z 0 [Note] Binlog end
2020-12-19T14:12:32.513145Z 0 [Note] Shutting down plugin 'ngram'
2020-12-19T14:12:32.515132Z 0 [Note] Shutting down plugin 'partition'
2020-12-19T14:12:32.516433Z 0 [Note] Shutting down plugin 'BLACKHOLE'
2020-12-19T14:12:32.517714Z 0 [Note] Shutting down plugin 'ARCHIVE'
2020-12-19T14:12:32.518481Z 0 [Note] Shutting down plugin 'PERFORMANCE_SCHEMA'
2020-12-19T14:12:32.519615Z 0 [Note] Shutting down plugin 'MRG_MYISAM'
2020-12-19T14:12:32.520849Z 0 [Note] Shutting down plugin 'MyISAM'
2020-12-19T14:12:32.522095Z 0 [Note] Shutting down plugin 'INNODB_SYS_VIRTUAL'
2020-12-19T14:12:32.523262Z 0 [Note] Shutting down plugin 'INNODB_SYS_DATAFILES'
2020-12-19T14:12:32.524559Z 0 [Note] Shutting down plugin 'INNODB_SYS_TABLESPACES'
2020-12-19T14:12:32.525608Z 0 [Note] Shutting down plugin 'INNODB_SYS_FOREIGN_COLS'
2020-12-19T14:12:32.526772Z 0 [Note] Shutting down plugin 'INNODB_SYS_FOREIGN'
2020-12-19T14:12:32.528087Z 0 [Note] Shutting down plugin 'INNODB_SYS_FIELDS'
2020-12-19T14:12:32.529197Z 0 [Note] Shutting down plugin 'INNODB_SYS_COLUMNS'
2020-12-19T14:12:32.530258Z 0 [Note] Shutting down plugin 'INNODB_SYS_INDEXES'
2020-12-19T14:12:32.531422Z 0 [Note] Shutting down plugin 'INNODB_SYS_TABLESTATS'
2020-12-19T14:12:32.532936Z 0 [Note] Shutting down plugin 'INNODB_SYS_TABLES'
2020-12-19T14:12:32.533790Z 0 [Note] Shutting down plugin 'INNODB_FT_INDEX_TABLE'
2020-12-19T14:12:32.534789Z 0 [Note] Shutting down plugin 'INNODB_FT_INDEX_CACHE'
2020-12-19T14:12:32.535983Z 0 [Note] Shutting down plugin 'INNODB_FT_CONFIG'
2020-12-19T14:12:32.536766Z 0 [Note] Shutting down plugin 'INNODB_FT_BEING_DELETED'
2020-12-19T14:12:32.537831Z 0 [Note] Shutting down plugin 'INNODB_FT_DELETED'
2020-12-19T14:12:32.539237Z 0 [Note] Shutting down plugin 'INNODB_FT_DEFAULT_STOPWORD'
2020-12-19T14:12:32.540551Z 0 [Note] Shutting down plugin 'INNODB_METRICS'
2020-12-19T14:12:32.541451Z 0 [Note] Shutting down plugin 'INNODB_TEMP_TABLE_INFO'
2020-12-19T14:12:32.542288Z 0 [Note] Shutting down plugin 'INNODB_BUFFER_POOL_STATS'
2020-12-19T14:12:32.543352Z 0 [Note] Shutting down plugin 'INNODB_BUFFER_PAGE_LRU'
2020-12-19T14:12:32.544368Z 0 [Note] Shutting down plugin 'INNODB_BUFFER_PAGE'
2020-12-19T14:12:32.545185Z 0 [Note] Shutting down plugin 'INNODB_CMP_PER_INDEX_RESET'
2020-12-19T14:12:32.546183Z 0 [Note] Shutting down plugin 'INNODB_CMP_PER_INDEX'
2020-12-19T14:12:32.547128Z 0 [Note] Shutting down plugin 'INNODB_CMPMEM_RESET'
2020-12-19T14:12:32.547960Z 0 [Note] Shutting down plugin 'INNODB_CMPMEM'
2020-12-19T14:12:32.549173Z 0 [Note] Shutting down plugin 'INNODB_CMP_RESET'
2020-12-19T14:12:32.550479Z 0 [Note] Shutting down plugin 'INNODB_CMP'
2020-12-19T14:12:32.551518Z 0 [Note] Shutting down plugin 'INNODB_LOCK_WAITS'
2020-12-19T14:12:32.552286Z 0 [Note] Shutting down plugin 'INNODB_LOCKS'
2020-12-19T14:12:32.553112Z 0 [Note] Shutting down plugin 'INNODB_TRX'
2020-12-19T14:12:32.553914Z 0 [Note] Shutting down plugin 'InnoDB'
2020-12-19T14:12:32.555190Z 0 [Note] InnoDB: FTS optimize thread exiting.
2020-12-19T14:12:32.556339Z 0 [Note] InnoDB: Starting shutdown...
2020-12-19T14:12:32.662856Z 0 [Note] InnoDB: Dumping buffer pool(s) to /var/lib/mysql/ib_buffer_pool
2020-12-19T14:12:32.677684Z 0 [Note] InnoDB: Buffer pool(s) dump completed at 201219 23:12:32
2020-12-19T14:12:34.914789Z 0 [Note] InnoDB: Shutdown completed; log sequence number 12605927
2020-12-19T14:12:34.920447Z 0 [Note] InnoDB: Removed temporary tablespace data file: "ibtmp1"
2020-12-19T14:12:34.922149Z 0 [Note] Shutting down plugin 'MEMORY'
2020-12-19T14:12:34.923360Z 0 [Note] Shutting down plugin 'CSV'
2020-12-19T14:12:34.924488Z 0 [Note] Shutting down plugin 'sha256_password'
2020-12-19T14:12:34.925635Z 0 [Note] Shutting down plugin 'mysql_native_password'
2020-12-19T14:12:34.926843Z 0 [Note] Shutting down plugin 'binlog'
2020-12-19T14:12:34.933419Z 0 [Note] mysqld: Shutdown complete

2020-12-19T14:12:35.712808Z 0 [Warning] TIMESTAMP with implicit DEFAULT value is deprecated. Please use --explicit_defaults_for_timestamp server option (see documentation for more details).
2020-12-19T14:12:35.729743Z 0 [Note] mysqld (mysqld 5.7.32) starting as process 1 ...
2020-12-19T14:12:35.741004Z 0 [Warning] Setting lower_case_table_names=2 because file system for /var/lib/mysql/ is case insensitive
2020-12-19T14:12:35.748678Z 0 [Note] InnoDB: PUNCH HOLE support available
2020-12-19T14:12:35.750233Z 0 [Note] InnoDB: Mutexes and rw_locks use GCC atomic builtins
2020-12-19T14:12:35.752032Z 0 [Note] InnoDB: Uses event mutexes
2020-12-19T14:12:35.753293Z 0 [Note] InnoDB: GCC builtin __atomic_thread_fence() is used for memory barrier
2020-12-19T14:12:35.754506Z 0 [Note] InnoDB: Compressed tables use zlib 1.2.11
2020-12-19T14:12:35.755755Z 0 [Note] InnoDB: Using Linux native AIO
2020-12-19T14:12:35.757693Z 0 [Note] InnoDB: Number of pools: 1
2020-12-19T14:12:35.759777Z 0 [Note] InnoDB: Using CPU crc32 instructions
2020-12-19T14:12:35.764298Z 0 [Note] InnoDB: Initializing buffer pool, total size = 128M, instances = 1, chunk size = 128M
2020-12-19T14:12:35.783964Z 0 [Note] InnoDB: Completed initialization of buffer pool
2020-12-19T14:12:35.790153Z 0 [Note] InnoDB: If the mysqld execution user is authorized, page cleaner thread priority can be changed. See the man page of setpriority().
2020-12-19T14:12:35.901229Z 0 [Note] InnoDB: Highest supported file format is Barracuda.
2020-12-19T14:12:36.124992Z 0 [Note] InnoDB: Creating shared tablespace for temporary tables
2020-12-19T14:12:36.131385Z 0 [Note] InnoDB: Setting file './ibtmp1' size to 12 MB. Physically writing the file full; Please wait ...
2020-12-19T14:12:36.531056Z 0 [Note] InnoDB: File './ibtmp1' size is now 12 MB.
2020-12-19T14:12:36.546046Z 0 [Note] InnoDB: 96 redo rollback segment(s) found. 96 redo rollback segment(s) are active.
2020-12-19T14:12:36.548315Z 0 [Note] InnoDB: 32 non-redo rollback segment(s) are active.
2020-12-19T14:12:36.552161Z 0 [Note] InnoDB: 5.7.32 started; log sequence number 12605927
2020-12-19T14:12:36.556774Z 0 [Note] InnoDB: Loading buffer pool(s) from /var/lib/mysql/ib_buffer_pool
2020-12-19T14:12:36.556088Z 0 [Note] Plugin 'FEDERATED' is disabled.
2020-12-19T14:12:36.610764Z 0 [Note] Found ca.pem, server-cert.pem and server-key.pem in data directory. Trying to enable SSL support using them.
2020-12-19T14:12:36.614764Z 0 [Note] Skipping generation of SSL certificates as certificate files are present in data directory.
2020-12-19T14:12:36.632424Z 0 [Warning] CA certificate ca.pem is self signed.
2020-12-19T14:12:36.634034Z 0 [Note] Skipping generation of RSA key pair as key files are present in data directory.
2020-12-19T14:12:36.638251Z 0 [Note] Server hostname (bind-address): '*'; port: 3306
2020-12-19T14:12:36.639846Z 0 [Note] IPv6 is available.
2020-12-19T14:12:36.642392Z 0 [Note]   - '::' resolves to '::';
2020-12-19T14:12:36.646246Z 0 [Note] Server socket created on IP: '::'.
2020-12-19T14:12:36.651910Z 0 [Warning] Insecure configuration for --pid-file: Location '/var/run/mysqld' in the path is accessible to all OS users. Consider choosing a different directory.
2020-12-19T14:12:36.786249Z 0 [Note] InnoDB: Buffer pool(s) load completed at 201219 23:12:36
2020-12-19T14:12:37.377318Z 0 [Note] Event Scheduler: Loaded 0 events
2020-12-19T14:12:37.395929Z 0 [Note] mysqld: ready for connections.
Version: '5.7.32'  socket: '/var/run/mysqld/mysqld.sock'  port: 3306  MySQL Community Server (GPL)
2020-12-22T16:15:25.779644Z 0 [Note] InnoDB: page_cleaner: 1000ms intended loop took 52395ms. The settings might not be optimal. (flushed=0 and evicted=0, during the time.)
2020-12-22T16:15:46.136018Z 0 [Note] InnoDB: page_cleaner: 1000ms intended loop took 8392ms. The settings might not be optimal. (flushed=0 and evicted=0, during the time.)
2020-12-22T18:16:02.036831Z 0 [Note] InnoDB: page_cleaner: 1000ms intended loop took 5561ms. The settings might not be optimal. (flushed=0 and evicted=0, during the time.)
2020-12-22T18:16:19.686467Z 0 [Note] InnoDB: page_cleaner: 1000ms intended loop took 5616ms. The settings might not be optimal. (flushed=0 and evicted=0, during the time.)
2020-12-22T22:16:38.686354Z 0 [Note] InnoDB: page_cleaner: 1000ms intended loop took 5613ms. The settings might not be optimal. (flushed=0 and evicted=0, during the time.)
